
=== Fri Aug  1 19:16:35 2025

Packages were changed.
Update Mode: mergeDefaultDependencies

The following packages were added:
  com.unity.modules.ai@1.0.0
  com.unity.modules.androidjni@1.0.0
  com.unity.modules.animation@1.0.0
  com.unity.modules.assetbundle@1.0.0
  com.unity.modules.audio@1.0.0
  com.unity.modules.cloth@1.0.0
  com.unity.modules.director@1.0.0
  com.unity.modules.imageconversion@1.0.0
  com.unity.modules.imgui@1.0.0
  com.unity.modules.jsonserialize@1.0.0
  com.unity.modules.particlesystem@1.0.0
  com.unity.modules.physics@1.0.0
  com.unity.modules.physics2d@1.0.0
  com.unity.modules.screencapture@1.0.0
  com.unity.modules.terrain@1.0.0
  com.unity.modules.terrainphysics@1.0.0
  com.unity.modules.tilemap@1.0.0
  com.unity.modules.ui@1.0.0
  com.unity.modules.uielements@1.0.0
  com.unity.modules.umbra@1.0.0
  com.unity.modules.unityanalytics@1.0.0
  com.unity.modules.unitywebrequest@1.0.0
  com.unity.modules.unitywebrequestassetbundle@1.0.0
  com.unity.modules.unitywebrequestaudio@1.0.0
  com.unity.modules.unitywebrequesttexture@1.0.0
  com.unity.modules.unitywebrequestwww@1.0.0
  com.unity.modules.vehicles@1.0.0
  com.unity.modules.video@1.0.0
  com.unity.modules.vr@1.0.0
  com.unity.modules.wind@1.0.0
  com.unity.modules.xr@1.0.0
  com.unity.modules.accessibility@1.0.0
  com.unity.multiplayer.center@1.0.0
The following packages were updated:
  com.unity.ai.navigation from version 2.0.0 to 2.0.8
  com.unity.collab-proxy from version 2.2.0 to 2.8.2
  com.unity.ide.rider from version 3.0.27 to 3.0.36
  com.unity.ide.visualstudio from version 2.0.22 to 2.0.23
  com.unity.inputsystem from version 1.12.0 to 1.14.0
  com.unity.render-pipelines.universal from version 17.0.1 to 17.1.0
  com.unity.test-framework from version 1.4.2 to 1.5.1
  com.unity.timeline from version 1.8.6 to 1.8.7
  com.unity.visualscripting from version 1.9.1 to 1.9.7

=== Fri Aug  1 19:48:06 2025

Packages were changed.
Update Mode: updateDependencies

The following packages were updated:
  com.unity.collab-proxy from version 1.9.0 to 2.8.2
  com.unity.ide.rider from version 2.0.7 to 3.0.36
  com.unity.ide.visualstudio from version 2.0.11 to 2.0.23
  com.unity.render-pipelines.universal from version 10.6.0 to 17.1.0
  com.unity.test-framework from version 1.1.29 to 1.5.1
  com.unity.timeline from version 1.4.8 to 1.8.7
  com.unity.ugui from version 1.0.0 to 2.0.0
  com.unity.visualeffectgraph from version 10.6.0 to 17.1.0
  com.unity.xr.interaction.toolkit from version 1.0.0-pre.6 to 3.1.1
  com.unity.xr.management from version 4.0.7 to 4.5.1
  com.unity.xr.oculus from version 1.10.0 to 4.5.1
  com.unity.xr.openxr from version 1.2.8 to 1.14.3

=== Fri Aug  1 19:48:06 2025

Packages were changed.
Update Mode: mergeDefaultDependencies

The following packages were added:
  com.unity.ide.vscode@1.2.4
  com.unity.visualeffectgraph@17.1.0
  com.unity.xr.oculus@4.5.1
  com.unity.xr.openxr@1.14.3

=== Fri Aug  1 19:55:44 2025

Packages were changed.
Update Mode: updateDependencies

The following packages were updated:
  com.unity.collab-proxy from version 1.9.0 to 2.8.2
  com.unity.ide.rider from version 2.0.7 to 3.0.36
  com.unity.ide.visualstudio from version 2.0.11 to 2.0.23
  com.unity.render-pipelines.universal from version 10.6.0 to 17.1.0
  com.unity.test-framework from version 1.1.29 to 1.5.1
  com.unity.timeline from version 1.4.8 to 1.8.7
  com.unity.ugui from version 1.0.0 to 2.0.0
  com.unity.visualeffectgraph from version 10.6.0 to 17.1.0
  com.unity.xr.interaction.toolkit from version 1.0.0-pre.6 to 3.1.1
  com.unity.xr.management from version 4.0.7 to 4.5.1
  com.unity.xr.oculus from version 1.10.0 to 4.5.1
  com.unity.xr.openxr from version 1.2.8 to 1.14.3

=== Fri Aug  1 20:23:26 2025

Packages were changed.
Update Mode: updateDependencies

The following packages were updated:
  com.unity.collab-proxy from version 1.9.0 to 2.8.2
  com.unity.ide.rider from version 2.0.7 to 3.0.36
  com.unity.ide.visualstudio from version 2.0.11 to 2.0.23
  com.unity.render-pipelines.universal from version 10.6.0 to 17.1.0
  com.unity.test-framework from version 1.1.29 to 1.5.1
  com.unity.timeline from version 1.4.8 to 1.8.7
  com.unity.ugui from version 1.0.0 to 2.0.0
  com.unity.visualeffectgraph from version 10.6.0 to 17.1.0
  com.unity.xr.interaction.toolkit from version 1.0.0-pre.6 to 3.1.1
  com.unity.xr.management from version 4.0.7 to 4.5.1
  com.unity.xr.oculus from version 1.10.0 to 4.5.1
  com.unity.xr.openxr from version 1.2.8 to 1.14.3
